  NEW OPTIMUM 3.54111	0	0	0	0	0.59739
  NEW OPTIMUM 3.4981	0	0	0	7	0.637146
  NEW OPTIMUM 3.26687	0	0	1	3	2.10408
  NEW OPTIMUM 3.2662	0	0	2	2	0.495837
  NEW OPTIMUM 3.26429	0	1	0	2	4.93264
  NEW OPTIMUM 3.20596	0	2	0	9	0.670355
  NEW OPTIMUM 3.18307	0	2	2	7	0.68645
  NEW OPTIMUM 3.18255	1	0	0	2	5.59052
  NEW OPTIMUM 3.08741	1	0	0	5	0.301081
  NEW OPTIMUM 3.06312	1	0	0	7	0.762319
  NEW OPTIMUM 3.00962	1	0	0	10	1.99473
  NEW OPTIMUM 2.9991	1	0	1	0	0.533001
  NEW OPTIMUM 2.99744	1	0	2	2	4.59696
  NEW OPTIMUM 2.99555	1	1	1	2	2.42968
  NEW OPTIMUM 2.994	1	1	1	5	0.306002
  NEW OPTIMUM 2.96505	1	1	1	7	0.882741
  NEW OPTIMUM 2.96383	1	1	1	12	1.35452
  NEW OPTIMUM 2.96201	1	2	0	2	1.01543
  NEW OPTIMUM 2.95899	1	2	0	3	2.19043
  NEW OPTIMUM 2.94956	1	2	0	9	0.679899
  NEW OPTIMUM 2.91749	1	2	0	12	1.37276
  NEW OPTIMUM 2.91507	1	2	1	2	0.552814
  NEW OPTIMUM 2.91327	1	2	1	4	1.98739
  NEW OPTIMUM 2.89795	1	2	1	9	0.761671
  NEW OPTIMUM 2.8917	1	2	2	1	2.42011
  NEW OPTIMUM 2.89156	1	2	2	2	0.521802
  NEW OPTIMUM 2.88934	2	0	0	1	2.4068
  NEW OPTIMUM 2.87589	2	0	0	4	1.99027
  NEW OPTIMUM 2.85163	2	0	0	6	2.72735
  NEW OPTIMUM 2.84643	2	0	1	5	0.279486
  NEW OPTIMUM 2.84484	2	0	1	6	2.725
  NEW OPTIMUM 2.84365	2	0	2	1	2.38166
  NEW OPTIMUM 2.84018	2	1	0	9	0.784726
  NEW OPTIMUM 2.83993	2	1	0	11	0.277613
  NEW OPTIMUM 2.83632	2	1	1	0	0.551614
  NEW OPTIMUM 2.8326	2	1	1	4	1.99143
  NEW OPTIMUM 2.83195	2	1	1	5	0.267315
  NEW OPTIMUM 2.83179	2	1	2	7	0.852184
  NEW OPTIMUM 2.83175	2	1	2	11	0.273327
  NEW OPTIMUM 2.82603	2	1	2	12	1.379
  NEW OPTIMUM 2.82556	2	2	0	2	0.328589
  NEW OPTIMUM 2.8252	2	2	0	6	2.72384
  NEW OPTIMUM 2.82512	2	2	0	11	0.269053
  NEW OPTIMUM 2.82487	2	2	1	0	0.5529
  NEW OPTIMUM 2.82205	2	2	1	3	2.19657
  NEW OPTIMUM 2.82101	2	2	2	0	0.556456
  NEW OPTIMUM 2.82077	2	2	2	2	0.234061
  NEW OPTIMUM 2.82071	2	2	2	3	2.19685
  NEW OPTIMUM 2.8202	2	2	2	6	2.72314
  NEW OPTIMUM 2.81952	2	2	2	10	1.99552
  NEW OPTIMUM 2.81763	3	0	0	0	0.560825
  NEW OPTIMUM 2.81728	3	0	0	2	0.0926612
  NEW OPTIMUM 2.81728	3	0	0	5	0.267548
  NEW OPTIMUM 2.81514	3	0	0	6	2.72061
  NEW OPTIMUM 2.81417	3	0	0	9	0.793544
  NEW OPTIMUM 2.81352	3	0	0	11	0.264861
  NEW OPTIMUM 2.81285	3	0	1	4	1.99197
  NEW OPTIMUM 2.81096	3	0	1	6	2.71426
  NEW OPTIMUM 2.81079	3	0	1	8	1.37809
  NEW OPTIMUM 2.80707	3	0	1	10	1.99709
  NEW OPTIMUM 2.80631	3	0	1	11	0.260799
  NEW OPTIMUM 2.80621	3	0	2	1	2.38052
  NEW OPTIMUM 2.80382	3	0	2	6	2.71024
  NEW OPTIMUM 2.80381	3	0	2	7	0.84933
  NEW OPTIMUM 2.80352	3	0	2	11	0.251709
  NEW OPTIMUM 2.8035	3	1	0	1	2.37909
  NEW OPTIMUM 2.80346	3	1	0	3	2.19758
  NEW OPTIMUM 2.80345	3	1	0	5	0.267596
  NEW OPTIMUM 2.80324	3	1	0	7	0.886059
  NEW OPTIMUM 2.8028	3	1	0	10	1.99735
  NEW OPTIMUM 2.80139	3	1	1	5	0.27634
  NEW OPTIMUM 2.80102	3	1	1	12	1.37947
  NEW OPTIMUM 2.79743	3	1	2	0	0.57264
  NEW OPTIMUM 2.79739	3	1	2	9	0.794638
  NEW OPTIMUM 2.79728	3	1	2	11	0.237185
  NEW OPTIMUM 2.79477	3	1	2	12	1.38305
  NEW OPTIMUM 2.79473	3	2	0	2	0.0633738
  NEW OPTIMUM 2.79285	3	2	0	3	2.19921
  NEW OPTIMUM 2.79234	3	2	0	5	0.280076
  NEW OPTIMUM 2.79089	3	2	0	10	1.99805
  NEW OPTIMUM 2.78985	3	2	1	0	0.57585
  NEW OPTIMUM 2.7897	3	2	1	1	2.37447
  NEW OPTIMUM 2.7897	3	2	1	5	0.279761
  NEW OPTIMUM 2.78872	3	2	1	6	2.70264
  NEW OPTIMUM 2.78871	3	2	1	8	1.37804
  NEW OPTIMUM 2.78786	3	2	2	0	0.580468
  NEW OPTIMUM 2.78622	3	2	2	3	2.2015
  NEW OPTIMUM 2.78537	3	2	2	4	1.99248
  NEW OPTIMUM 2.78449	3	2	2	9	0.800856
  NEW OPTIMUM 2.78442	3	2	2	10	1.99907
  NEW OPTIMUM 2.78424	3	2	2	12	1.3843
  NEW OPTIMUM 2.78421	4	0	0	3	2.20119
  NEW OPTIMUM 2.78315	4	0	0	7	0.885468
  NEW OPTIMUM 2.78075	4	0	0	11	0.237974
  NEW OPTIMUM 2.77996	4	0	0	12	1.38538
  NEW OPTIMUM 2.77892	4	0	1	0	0.584312
  NEW OPTIMUM 2.7785	4	0	1	3	2.20314
  NEW OPTIMUM 2.77826	4	0	1	7	0.867406
  NEW OPTIMUM 2.77824	4	0	1	8	1.37805
  NEW OPTIMUM 2.77754	4	0	1	9	0.804909
  NEW OPTIMUM 2.77727	4	0	1	11	0.2355
  NEW OPTIMUM 2.77367	4	0	2	0	0.601013
  NEW OPTIMUM 2.77362	4	0	2	8	1.37785
  NEW OPTIMUM 2.77324	4	0	2	12	1.38585
  NEW OPTIMUM 2.77306	4	1	0	0	0.611476
  NEW OPTIMUM 2.76848	4	1	1	3	2.21
  NEW OPTIMUM 2.76836	4	1	1	8	1.37801
  NEW OPTIMUM 2.76817	4	1	1	12	1.39487
  NEW OPTIMUM 2.76815	4	1	2	1	2.37238
  NEW OPTIMUM 2.76643	4	1	2	3	2.2131
  NEW OPTIMUM 2.76632	4	1	2	8	1.37799
  NEW OPTIMUM 2.76629	4	1	2	10	1.99835
  NEW OPTIMUM 2.76465	4	1	2	11	0.221956
  NEW OPTIMUM 2.7645	4	1	2	12	1.39411
  NEW OPTIMUM 2.76314	4	2	0	0	0.623808
  NEW OPTIMUM 2.76084	4	2	0	3	2.22249
  NEW OPTIMUM 2.76078	4	2	0	4	1.99231
  NEW OPTIMUM 2.7599	4	2	0	9	0.806834
  NEW OPTIMUM 2.75967	4	2	1	1	2.36964
  NEW OPTIMUM 2.75965	4	2	1	2	0.0731154
  NEW OPTIMUM 2.75962	4	2	1	12	1.3973
  NEW OPTIMUM 2.75894	4	2	2	6	2.70157
  NEW OPTIMUM 2.75894	4	2	2	7	0.871884
  NEW OPTIMUM 2.75723	4	2	2	8	1.37753
  NEW OPTIMUM 2.7571	4	2	2	9	0.807447
  NEW OPTIMUM 2.75488	5	0	0	0	0.633731
  NEW OPTIMUM 2.75345	5	0	0	4	1.99263
  NEW OPTIMUM 2.75345	5	0	0	5	0.278598
  NEW OPTIMUM 2.75258	5	0	0	8	1.37715
  NEW OPTIMUM 2.75199	5	0	0	12	1.40186
  NEW OPTIMUM 2.75018	5	0	1	0	0.642055
  NEW OPTIMUM 2.75015	5	0	1	1	2.36973
  NEW OPTIMUM 2.75015	5	0	1	2	0.0195899
  NEW OPTIMUM 2.74932	5	0	1	4	1.99277
  NEW OPTIMUM 2.74911	5	0	1	6	2.70107
  NEW OPTIMUM 2.74824	5	0	1	8	1.37687
  NEW OPTIMUM 2.74568	5	1	0	0	0.65843
  NEW OPTIMUM 2.74552	5	1	0	1	2.37827
  NEW OPTIMUM 2.74537	5	1	0	3	2.22284
  NEW OPTIMUM 2.7453	5	1	0	5	0.278482
  NEW OPTIMUM 2.74467	5	1	0	6	2.70007
  NEW OPTIMUM 2.74467	5	1	0	9	0.810284
  NEW OPTIMUM 2.74464	5	1	0	10	1.99835
  NEW OPTIMUM 2.74462	5	1	1	1	2.37894
  NEW OPTIMUM 2.74368	5	1	1	3	2.22473
  NEW OPTIMUM 2.74304	5	1	1	4	1.99294
  NEW OPTIMUM 2.74224	5	1	1	10	1.99859
  NEW OPTIMUM 2.74221	5	1	2	5	0.276501
  NEW OPTIMUM 2.74175	5	1	2	6	2.69916
  NEW OPTIMUM 2.74171	5	1	2	7	0.87013
  NEW OPTIMUM 2.74142	5	1	2	8	1.37673
  NEW OPTIMUM 2.74093	5	1	2	10	1.99875
  NEW OPTIMUM 2.74021	5	2	0	0	0.662264
  NEW OPTIMUM 2.73969	5	2	0	6	2.69813
  NEW OPTIMUM 2.73967	5	2	0	10	1.99878
  NEW OPTIMUM 2.73932	5	2	1	4	1.99318
  NEW OPTIMUM 2.73931	5	2	1	10	1.999
  NEW OPTIMUM 2.73907	5	2	1	11	0.220701
  NEW OPTIMUM 2.73712	5	2	2	0	0.668843
  NEW OPTIMUM 2.73711	5	2	2	2	0.0229008
  NEW OPTIMUM 2.73685	5	2	2	4	1.99339
  NEW OPTIMUM 2.73642	5	2	2	12	1.40202
  NEW OPTIMUM 2.73423	6	0	0	0	0.681547
  NEW OPTIMUM 2.73422	6	0	0	2	0.00224762
  NEW OPTIMUM 2.73416	6	0	0	5	0.276692
  NEW OPTIMUM 2.73367	6	0	0	6	2.69684
  NEW OPTIMUM 2.73364	6	0	0	9	0.814255
  NEW OPTIMUM 2.73224	6	0	0	10	1.99927
  NEW OPTIMUM 2.73206	6	0	1	3	2.22586
  NEW OPTIMUM 2.73202	6	0	1	5	0.271687
  NEW OPTIMUM 2.73172	6	0	1	6	2.69618
  NEW OPTIMUM 2.73159	6	0	1	8	1.37663
  NEW OPTIMUM 2.73084	6	0	1	12	1.40381
  NEW OPTIMUM 2.73059	6	0	2	3	2.2269
  NEW OPTIMUM 2.72995	6	0	2	4	1.99359
  NEW OPTIMUM 2.72994	6	0	2	11	0.21746
  NEW OPTIMUM 2.7282	6	1	0	0	0.693445
  NEW OPTIMUM 2.7282	6	1	0	2	0.0189685
  NEW OPTIMUM 2.72806	6	1	0	3	2.22761
  NEW OPTIMUM 2.72748	6	1	0	10	1.99942
  NEW OPTIMUM 2.72748	6	1	1	1	2.37872
  NEW OPTIMUM 2.72738	6	1	1	3	2.22909
  NEW OPTIMUM 2.72723	6	1	1	6	2.69575
  NEW OPTIMUM 2.72644	6	1	1	12	1.40646
  NEW OPTIMUM 2.72643	6	1	2	2	0.000755779
  NEW OPTIMUM 2.72637	6	1	2	7	0.887162
  NEW OPTIMUM 2.72634	6	1	2	10	1.99944
  NEW OPTIMUM 2.72622	6	1	2	11	0.212781
  NEW OPTIMUM 2.72593	6	1	2	12	1.41024
  NEW OPTIMUM 2.72452	6	2	0	0	0.703042
  NEW OPTIMUM 2.72445	6	2	0	1	2.38216
  NEW OPTIMUM 2.72403	6	2	0	3	2.23145
  NEW OPTIMUM 2.72398	6	2	0	5	0.274088
  NEW OPTIMUM 2.7233	6	2	0	6	2.69507
  NEW OPTIMUM 2.7231	6	2	0	7	0.879964
  NEW OPTIMUM 2.72308	6	2	0	10	1.9995
  NEW OPTIMUM 2.72286	6	2	0	11	0.207363
  NEW OPTIMUM 2.72242	6	2	1	0	0.705305
  NEW OPTIMUM 2.72241	6	2	1	2	0.0129834
  NEW OPTIMUM 2.72231	6	2	1	4	1.99358
  NEW OPTIMUM 2.72167	6	2	1	6	2.6936
  NEW OPTIMUM 2.72129	6	2	1	8	1.37654
  NEW OPTIMUM 2.72129	6	2	1	11	0.207478
  NEW OPTIMUM 2.72126	6	2	2	1	2.38348
  NEW OPTIMUM 2.72125	6	2	2	2	0.0182942
  NEW OPTIMUM 2.72091	6	2	2	4	1.99367
  NEW OPTIMUM 2.72085	7	0	0	2	0.0906182
  NEW OPTIMUM 2.72069	7	0	0	5	0.277907
  NEW OPTIMUM 2.72056	7	0	0	8	1.3765
  NEW OPTIMUM 2.72045	7	0	0	9	0.815437
  NEW OPTIMUM 2.72035	7	0	1	0	0.705849
  NEW OPTIMUM 2.72034	7	0	1	7	0.876772
  NEW OPTIMUM 2.72026	7	0	1	9	0.816217
  NEW OPTIMUM 2.72016	7	0	1	10	1.99953
  NEW OPTIMUM 2.71995	7	0	1	12	1.41081
  NEW OPTIMUM 2.71983	7	0	2	0	0.706529
  NEW OPTIMUM 2.71977	7	0	2	2	0.147518
  NEW OPTIMUM 2.71944	7	0	2	4	1.99377
  NEW OPTIMUM 2.71844	7	0	2	6	2.69164
  NEW OPTIMUM 2.7182	7	0	2	8	1.37641
  NEW OPTIMUM 2.71819	7	0	2	9	0.816384
  NEW OPTIMUM 2.71806	7	0	2	12	1.41115
  NEW OPTIMUM 2.71801	7	1	0	1	2.3878
  NEW OPTIMUM 2.71745	7	1	0	10	2.00003
  NEW OPTIMUM 2.71726	7	1	1	0	0.707223
  NEW OPTIMUM 2.71701	7	1	1	4	1.99394
  NEW OPTIMUM 2.71695	7	1	1	7	0.873313
  NEW OPTIMUM 2.71687	7	1	1	9	0.81799
  NEW OPTIMUM 2.7168	7	1	1	12	1.41028
  NEW OPTIMUM 2.71352	7	1	2	0	0.72339
  NEW OPTIMUM 2.71352	7	1	2	1	2.38806
  NEW OPTIMUM 2.71341	7	1	2	5	0.277848
  NEW OPTIMUM 2.71302	7	1	2	8	1.37627
  NEW OPTIMUM 2.71292	7	1	2	9	0.818959
  NEW OPTIMUM 2.71227	7	1	2	10	2.00023
  NEW OPTIMUM 2.71208	7	1	2	12	1.41083
  NEW OPTIMUM 2.71076	7	2	0	0	0.742778
  NEW OPTIMUM 2.7106	7	2	0	1	2.39097
  NEW OPTIMUM 2.71034	7	2	0	7	0.865127
  NEW OPTIMUM 2.70889	7	2	0	10	2.00049
  NEW OPTIMUM 2.70878	7	2	1	1	2.39304
  NEW OPTIMUM 2.70854	7	2	1	3	2.23427
  NEW OPTIMUM 2.70852	7	2	1	5	0.276197
  NEW OPTIMUM 2.70832	7	2	1	6	2.69111
  NEW OPTIMUM 2.70794	7	2	1	8	1.37617
  NEW OPTIMUM 2.70788	7	2	1	9	0.82197
  NEW OPTIMUM 2.7075	7	2	1	10	2.00057
  NEW OPTIMUM 2.70747	7	2	1	12	1.41094
  NEW OPTIMUM 2.7074	7	2	2	0	0.743745
  NEW OPTIMUM 2.70647	7	2	2	4	1.99436
  NEW OPTIMUM 2.70646	7	2	2	5	0.275889
  NEW OPTIMUM 2.70635	7	2	2	6	2.69088
  NEW OPTIMUM 2.70624	7	2	2	8	1.37613
  NEW OPTIMUM 2.70606	7	2	2	12	1.41208
  NEW OPTIMUM 2.70605	8	0	0	3	2.23483
  NEW OPTIMUM 2.70566	8	0	0	4	1.99466
  NEW OPTIMUM 2.70563	8	0	0	6	2.69084
  NEW OPTIMUM 2.70542	8	0	0	7	0.860328
  NEW OPTIMUM 2.70536	8	0	0	11	0.207601
  NEW OPTIMUM 2.70442	8	0	1	0	0.75105
  NEW OPTIMUM 2.70387	8	0	1	6	2.69007
  NEW OPTIMUM 2.70371	8	0	1	7	0.852043
  NEW OPTIMUM 2.70348	8	0	2	6	2.68932
  NEW OPTIMUM 2.70261	8	0	2	10	2.0008
  NEW OPTIMUM 2.7026	8	0	2	11	0.206628
  NEW OPTIMUM 2.70239	8	0	2	12	1.41302
  NEW OPTIMUM 2.70233	8	1	0	1	2.39191
  NEW OPTIMUM 2.70211	8	1	0	2	0.182261
  NEW OPTIMUM 2.70201	8	1	0	4	1.99472
  NEW OPTIMUM 2.70046	8	1	0	6	2.6857
  NEW OPTIMUM 2.70045	8	1	0	9	0.822486
  NEW OPTIMUM 2.70041	8	1	0	12	1.41334
  NEW OPTIMUM 2.70037	8	1	1	1	2.39273
  NEW OPTIMUM 2.69962	8	1	1	4	1.995
  NEW OPTIMUM 2.69955	8	1	2	7	0.84759
  NEW OPTIMUM 2.69898	8	1	2	12	1.4163
  NEW OPTIMUM 2.69881	8	2	0	3	2.23486
  NEW OPTIMUM 2.69801	8	2	0	4	1.99529
  NEW OPTIMUM 2.69697	8	2	0	6	2.68299
  NEW OPTIMUM 2.69679	8	2	0	8	1.37609
  NEW OPTIMUM 2.6963	8	2	0	12	1.41861
  NEW OPTIMUM 2.69627	8	2	1	2	0.233958
  NEW OPTIMUM 2.69586	8	2	1	3	2.23697
  NEW OPTIMUM 2.69532	8	2	1	4	1.99569
  NEW OPTIMUM 2.69526	8	2	1	5	0.278937
  NEW OPTIMUM 2.69477	8	2	1	7	0.815342
  NEW OPTIMUM 2.69466	8	2	1	8	1.37607
  NEW OPTIMUM 2.6946	8	2	1	9	0.822698
  NEW OPTIMUM 2.69459	8	2	1	10	2.00105
  NEW OPTIMUM 2.69452	8	2	1	11	0.208165
  NEW OPTIMUM 2.69449	8	2	1	12	1.42018
  NEW OPTIMUM 2.69402	8	2	2	1	2.37759
  NEW OPTIMUM 2.69222	8	2	2	6	2.68098
  NEW OPTIMUM 2.69209	8	2	2	8	1.37604
  NEW OPTIMUM 2.69195	8	2	2	9	0.823373
  NEW OPTIMUM 2.69162	8	2	2	10	2.00147
  NEW OPTIMUM 2.69159	8	2	2	11	0.2073
  NEW OPTIMUM 2.69054	9	0	0	0	0.754957
  NEW OPTIMUM 2.69016	9	0	0	1	2.37093
  NEW OPTIMUM 2.6899	9	0	0	8	1.376
  NEW OPTIMUM 2.68983	9	0	0	9	0.824543
  NEW OPTIMUM 2.6898	9	0	0	10	2.00204
  NEW OPTIMUM 2.68905	9	0	1	0	0.7581
  NEW OPTIMUM 2.68903	9	0	1	4	1.99574
  NEW OPTIMUM 2.68641	9	0	1	6	2.67849
  NEW OPTIMUM 2.68616	9	0	1	8	1.37594
  NEW OPTIMUM 2.68596	9	0	1	9	0.825837
  NEW OPTIMUM 2.68596	9	0	1	10	2.00204
  NEW OPTIMUM 2.68572	9	0	2	0	0.759151
  NEW OPTIMUM 2.6857	9	0	2	1	2.3707
  NEW OPTIMUM 2.68564	9	0	2	3	2.23509
  NEW OPTIMUM 2.6855	9	0	2	4	1.9958
  NEW OPTIMUM 2.68518	9	0	2	10	2.0023
  NEW OPTIMUM 2.68507	9	0	2	11	0.201522
  NEW OPTIMUM 2.68381	9	1	0	0	0.772076
  NEW OPTIMUM 2.68375	9	1	0	1	2.37168
  NEW OPTIMUM 2.68332	9	1	0	3	2.23672
  NEW OPTIMUM 2.68328	9	1	0	9	0.826242
  NEW OPTIMUM 2.68277	9	1	0	10	2.00253
  NEW OPTIMUM 2.68261	9	1	1	1	2.36355
  NEW OPTIMUM 2.68257	9	1	1	3	2.23747
  NEW OPTIMUM 2.68191	9	1	1	4	1.99655
  NEW OPTIMUM 2.68139	9	1	1	6	2.67764
  NEW OPTIMUM 2.68135	9	1	1	7	0.843938
  NEW OPTIMUM 2.68082	9	1	1	8	1.37579
  NEW OPTIMUM 2.68055	9	1	1	9	0.82759
  NEW OPTIMUM 2.67941	9	1	2	0	0.778712
  NEW OPTIMUM 2.67906	9	1	2	4	1.99685
  NEW OPTIMUM 2.67835	9	1	2	6	2.67637
  NEW OPTIMUM 2.6783	9	1	2	8	1.37576
  NEW OPTIMUM 2.67827	9	1	2	11	0.203914
  NEW OPTIMUM 2.67765	9	1	2	12	1.42187
  NEW OPTIMUM 2.67763	9	2	0	2	0.168897
  NEW OPTIMUM 2.67762	9	2	0	5	0.282197
  NEW OPTIMUM 2.67615	9	2	0	6	2.67364
  NEW OPTIMUM 2.67612	9	2	0	8	1.37575
  NEW OPTIMUM 2.67603	9	2	0	12	1.42214
  NEW OPTIMUM 2.67583	9	2	1	0	0.782748
  NEW OPTIMUM 2.67575	9	2	1	1	2.37541
  NEW OPTIMUM 2.67573	9	2	1	2	0.188325
  NEW OPTIMUM 2.67426	9	2	1	4	1.99795
  NEW OPTIMUM 2.67413	9	2	1	8	1.37568
  NEW OPTIMUM 2.67355	9	2	1	9	0.830601
  NEW OPTIMUM 2.67348	9	2	1	11	0.199274
  NEW OPTIMUM 2.67301	9	2	1	12	1.42339
  NEW OPTIMUM 2.67292	9	2	2	4	1.99812
  NEW OPTIMUM 2.67278	9	2	2	9	0.833196
  NEW OPTIMUM 2.67262	10	0	0	4	1.99846
  NEW OPTIMUM 2.67198	10	0	0	8	1.37557
  NEW OPTIMUM 2.6718	10	0	0	9	0.836661
  NEW OPTIMUM 2.67169	10	0	0	10	2.00223
  NEW OPTIMUM 2.67144	10	0	1	1	2.37269
  NEW OPTIMUM 2.67132	10	0	1	3	2.23713
  NEW OPTIMUM 2.67127	10	0	1	7	0.806099
  NEW OPTIMUM 2.67119	10	0	1	10	2.00237
  NEW OPTIMUM 2.67116	10	0	1	12	1.42367
  NEW OPTIMUM 2.66985	10	0	2	0	0.788434
  NEW OPTIMUM 2.66947	10	0	2	6	2.67312
  NEW OPTIMUM 2.66882	10	0	2	8	1.37531
  NEW OPTIMUM 2.6681	10	0	2	10	2.00271
  NEW OPTIMUM 2.66604	10	1	0	0	0.800455
  NEW OPTIMUM 2.66457	10	1	0	4	1.99941
  NEW OPTIMUM 2.66421	10	1	0	6	2.67248
  NEW OPTIMUM 2.66418	10	1	0	8	1.3753
  NEW OPTIMUM 2.66385	10	1	1	6	2.67158
  NEW OPTIMUM 2.66375	10	1	1	7	0.819712
  NEW OPTIMUM 2.66303	10	1	1	8	1.37505
  NEW OPTIMUM 2.66288	10	1	1	9	0.838096
  NEW OPTIMUM 2.66286	10	1	1	11	0.199095
  NEW OPTIMUM 2.66245	10	1	1	12	1.42437
  NEW OPTIMUM 2.66229	10	1	2	1	2.3703
  NEW OPTIMUM 2.66228	10	1	2	2	0.198673
  NEW OPTIMUM 2.66226	10	1	2	3	2.23496
  NEW OPTIMUM 2.66148	10	1	2	4	1.9999
  NEW OPTIMUM 2.66142	10	1	2	8	1.37502
  NEW OPTIMUM 2.66136	10	1	2	11	0.200733
  NEW OPTIMUM 2.66087	10	2	0	0	0.803887
  NEW OPTIMUM 2.66083	10	2	0	2	0.227662
  NEW OPTIMUM 2.66079	10	2	0	3	2.23309
  NEW OPTIMUM 2.66076	10	2	0	5	0.281044
  NEW OPTIMUM 2.66069	10	2	0	9	0.839026
  NEW OPTIMUM 2.65931	10	2	0	10	2.00326
  NEW OPTIMUM 2.6589	10	2	1	3	2.23199
  NEW OPTIMUM 2.65887	10	2	1	5	0.277641
  NEW OPTIMUM 2.65771	10	2	1	6	2.66933
  NEW OPTIMUM 2.6577	10	2	1	9	0.8392
  NEW OPTIMUM 2.65713	10	2	1	12	1.42577
  NEW OPTIMUM 2.65712	10	2	2	3	2.2321
  NEW OPTIMUM 2.65687	10	2	2	4	2.00047
  NEW OPTIMUM 2.65681	10	2	2	7	0.805998
  NEW OPTIMUM 2.65678	10	2	2	9	0.839336
  NEW OPTIMUM 2.65644	10	2	2	12	1.42647
  NEW OPTIMUM 2.65585	11	0	0	0	0.806303
  NEW OPTIMUM 2.65584	11	0	0	1	2.37011
  NEW OPTIMUM 2.65536	11	0	0	4	2.00133
  NEW OPTIMUM 2.65525	11	0	0	5	0.284547
  NEW OPTIMUM 2.65466	11	0	0	8	1.37464
  NEW OPTIMUM 2.65443	11	0	0	9	0.840419
  NEW OPTIMUM 2.65422	11	0	0	11	0.196747
  NEW OPTIMUM 2.65335	11	0	0	12	1.42764
  NEW OPTIMUM 2.65215	11	0	1	0	0.812349
  NEW OPTIMUM 2.65205	11	0	2	8	1.37426
  NEW OPTIMUM 2.65203	11	0	2	10	2.00311
  NEW OPTIMUM 2.65198	11	0	2	11	0.198103
  NEW OPTIMUM 2.65189	11	1	0	2	0.239069
  NEW OPTIMUM 2.65157	11	1	0	5	0.279754
  NEW OPTIMUM 2.65153	11	1	0	7	0.795356
  NEW OPTIMUM 2.65123	11	1	0	9	0.843412
  NEW OPTIMUM 2.65123	11	1	0	12	1.42764
  NEW OPTIMUM 2.65053	11	1	1	0	0.815768
  NEW OPTIMUM 2.65051	11	1	1	9	0.845838
  NEW OPTIMUM 2.64987	11	1	1	12	1.42893
  NEW OPTIMUM 2.64964	11	1	2	0	0.820459
  NEW OPTIMUM 2.6496	11	1	2	2	0.211931
  NEW OPTIMUM 2.64886	11	1	2	4	2.00172
  NEW OPTIMUM 2.64878	11	1	2	7	0.799882
  NEW OPTIMUM 2.64835	11	1	2	10	2.00355
  NEW OPTIMUM 2.64817	11	1	2	12	1.42964
  NEW OPTIMUM 2.64702	11	2	0	0	0.828993
  NEW OPTIMUM 2.64668	11	2	0	1	2.3732
  NEW OPTIMUM 2.64659	11	2	0	3	2.23
  NEW OPTIMUM 2.64652	11	2	0	10	2.00362
  NEW OPTIMUM 2.64625	11	2	1	0	0.832376
  NEW OPTIMUM 2.64612	11	2	1	2	0.359086
  NEW OPTIMUM 2.64574	11	2	1	4	2.00201
  NEW OPTIMUM 2.64551	11	2	1	5	0.272535
  NEW OPTIMUM 2.64542	11	2	1	7	0.797116
  NEW OPTIMUM 2.64524	11	2	2	1	2.37088
  NEW OPTIMUM 2.64475	11	2	2	7	0.777858
  NEW OPTIMUM 2.64473	11	2	2	11	0.195744
  NEW OPTIMUM 2.64434	12	0	0	0	0.836005
  NEW OPTIMUM 2.64425	12	0	0	8	1.37423
  NEW OPTIMUM 2.64425	12	0	0	11	0.195524
  NEW OPTIMUM 2.64383	12	0	0	12	1.4309
  NEW OPTIMUM 2.64356	12	0	1	0	0.846796
  NEW OPTIMUM 2.64341	12	0	1	2	0.540041
  NEW OPTIMUM 2.64293	12	0	1	3	2.23161
  NEW OPTIMUM 2.64282	12	0	1	6	2.66918
  NEW OPTIMUM 2.64276	12	0	1	8	1.37422
  NEW OPTIMUM 2.64275	12	0	1	9	0.846083
  NEW OPTIMUM 2.64267	12	0	1	11	0.194549
  NEW OPTIMUM 2.64263	12	0	2	1	2.37109
  NEW OPTIMUM 2.64248	12	0	2	3	2.23275
  NEW OPTIMUM 2.64172	12	0	2	4	2.00247
  NEW OPTIMUM 2.64166	12	0	2	5	0.27639
  NEW OPTIMUM 2.64156	12	0	2	6	2.66901
  NEW OPTIMUM 2.6415	12	0	2	7	0.770208
  NEW OPTIMUM 2.64134	12	0	2	8	1.37416
  NEW OPTIMUM 2.64123	12	0	2	10	2.00377
  NEW OPTIMUM 2.64118	12	0	2	11	0.192855
  NEW OPTIMUM 2.64072	12	1	0	1	2.35742
  NEW OPTIMUM 2.64071	12	1	0	2	0.499991
  NEW OPTIMUM 2.64039	12	1	0	4	2.00277
  NEW OPTIMUM 2.63929	12	1	1	0	0.861527
  NEW OPTIMUM 2.63921	12	1	1	6	2.66885
  NEW OPTIMUM 2.63905	12	1	1	9	0.849251
  NEW OPTIMUM 2.63899	12	1	1	11	0.190947
  NEW OPTIMUM 2.6389	12	1	1	12	1.43132
  NEW OPTIMUM 2.63857	12	1	2	4	2.00293
  NEW OPTIMUM 2.63851	12	1	2	8	1.37412
  NEW OPTIMUM 2.6385	12	1	2	11	0.190701
  NEW OPTIMUM 2.63811	12	2	0	2	0.802897
  NEW OPTIMUM 2.6379	12	2	0	3	2.23395
  NEW OPTIMUM 2.63775	12	2	0	12	1.43199
  NEW OPTIMUM 2.63763	12	2	1	0	0.86467
  NEW OPTIMUM 2.63738	12	2	1	2	1.08218
  NEW OPTIMUM 2.63737	12	2	1	10	2.00377
  NEW OPTIMUM 2.63726	12	2	1	12	1.43261
  NEW OPTIMUM 2.63722	12	2	2	2	1.26203
  NEW OPTIMUM 2.63722	12	2	2	5	0.275521
  NEW OPTIMUM 2.63709	12	2	2	7	0.7624
  NEW OPTIMUM 2.6367	12	2	2	8	1.37403
  NEW OPTIMUM 2.63658	12	2	2	11	0.187413
  NEW OPTIMUM 2.6365	12	2	2	12	1.43294
  NEW OPTIMUM 2.63639	13	0	0	0	0.871284
  NEW OPTIMUM 2.63637	13	0	0	1	2.36896
  NEW OPTIMUM 2.63603	13	0	0	4	2.00309
  NEW OPTIMUM 2.63598	13	0	0	9	0.848068
  NEW OPTIMUM 2.63596	13	0	1	1	2.36291
  NEW OPTIMUM 2.63581	13	0	1	3	2.23404
  NEW OPTIMUM 2.63575	13	0	1	8	1.37402
  NEW OPTIMUM 2.63572	13	0	1	9	0.848751
  NEW OPTIMUM 2.63565	13	0	1	10	2.00379
  NEW OPTIMUM 2.63555	13	0	1	11	0.182358
  NEW OPTIMUM 2.63525	13	0	2	3	2.23597
  NEW OPTIMUM 2.63514	13	0	2	8	1.37398
  NEW OPTIMUM 2.63511	13	0	2	9	0.849233
  NEW OPTIMUM 2.63508	13	0	2	11	0.179854
  NEW OPTIMUM 2.63427	13	0	2	12	1.43637
  NEW OPTIMUM 2.63422	13	1	0	0	0.872055
  NEW OPTIMUM 2.63383	13	1	0	2	1.62871
  NEW OPTIMUM 2.63374	13	1	0	8	1.37396
  NEW OPTIMUM 2.63372	13	1	0	10	2.00381
  NEW OPTIMUM 2.63367	13	1	1	4	2.00312
  NEW OPTIMUM 2.63354	13	1	1	6	2.66903
  NEW OPTIMUM 2.63343	13	1	2	8	1.37394
  NEW OPTIMUM 2.63316	13	2	0	0	0.876385
  NEW OPTIMUM 2.63313	13	2	0	1	2.35841
  NEW OPTIMUM 2.63306	13	2	0	3	2.23634
  NEW OPTIMUM 2.63281	13	2	0	4	2.00326
  NEW OPTIMUM 2.63279	13	2	0	5	0.275949
  NEW OPTIMUM 2.63241	13	2	0	8	1.37384
  NEW OPTIMUM 2.6322	13	2	0	12	1.43724
  NEW OPTIMUM 2.63208	13	2	1	0	0.878682
  NEW OPTIMUM 2.63199	13	2	1	2	1.93696
  NEW OPTIMUM 2.63175	13	2	1	3	2.23707
  NEW OPTIMUM 2.6317	13	2	1	4	2.00328
  NEW OPTIMUM 2.631	13	2	1	8	1.37367
  NEW OPTIMUM 2.63091	13	2	1	11	0.173495
  NEW OPTIMUM 2.6307	13	2	1	12	1.43798
  NEW OPTIMUM 2.63067	13	2	2	3	2.2375
  NEW OPTIMUM 2.63063	13	2	2	4	2.00334
  NEW OPTIMUM 2.63057	13	2	2	5	0.276898
  NEW OPTIMUM 2.63012	13	2	2	8	1.37353
  NEW OPTIMUM 2.63001	14	0	0	1	2.35449
  NEW OPTIMUM 2.62995	14	0	0	2	2.02778
  NEW OPTIMUM 2.62961	14	0	0	4	2.0037
  NEW OPTIMUM 2.6295	14	0	0	5	0.278496
  NEW OPTIMUM 2.62949	14	0	0	7	0.751379
  NEW OPTIMUM 2.62843	14	0	0	8	1.37305
  NEW OPTIMUM 2.62811	14	0	0	12	1.43863
  NEW OPTIMUM 2.62729	14	0	1	0	0.884638
  NEW OPTIMUM 2.62709	14	0	1	1	2.34812
  NEW OPTIMUM 2.62697	14	0	1	2	2.25838
  NEW OPTIMUM 2.62696	14	0	1	4	2.00371
  NEW OPTIMUM 2.62695	14	0	1	5	0.277585
  NEW OPTIMUM 2.62694	14	0	1	7	0.753861
  NEW OPTIMUM 2.62694	14	0	1	8	1.37273
  NEW OPTIMUM 2.62683	14	0	1	9	0.84978
  NEW OPTIMUM 2.62681	14	0	1	12	1.43864
  NEW OPTIMUM 2.62633	14	0	2	0	0.893522
  NEW OPTIMUM 2.62575	14	0	2	1	2.36143
  NEW OPTIMUM 2.62574	14	0	2	2	2.3487
  NEW OPTIMUM 2.62561	14	0	2	4	2.0038
  NEW OPTIMUM 2.62551	14	0	2	9	0.850331
  NEW OPTIMUM 2.6251	14	1	0	4	2.00438
  NEW OPTIMUM 2.62508	14	1	0	6	2.6691
  NEW OPTIMUM 2.62449	14	1	0	12	1.44008
  NEW OPTIMUM 2.62443	14	1	1	1	2.36038
  NEW OPTIMUM 2.62439	14	1	1	5	0.276217
  NEW OPTIMUM 2.62434	14	1	1	6	2.66902
  NEW OPTIMUM 2.62422	14	1	1	11	0.172745
  NEW OPTIMUM 2.62386	14	1	1	12	1.44109
  NEW OPTIMUM 2.62326	14	1	2	1	2.34434
  NEW OPTIMUM 2.62322	14	1	2	6	2.66896
  NEW OPTIMUM 2.62318	14	1	2	9	0.851406
  NEW OPTIMUM 2.62306	14	1	2	12	1.44191
  NEW OPTIMUM 2.62294	14	2	0	3	2.23887
  NEW OPTIMUM 2.62286	14	2	0	7	0.753047
  NEW OPTIMUM 2.62271	14	2	0	11	0.167659
  NEW OPTIMUM 2.62232	14	2	1	4	2.00475
  NEW OPTIMUM 2.62231	14	2	1	8	1.37269
  NEW OPTIMUM 2.62224	14	2	2	6	2.66884
  NEW OPTIMUM 2.62222	14	2	2	9	0.850909
  NEW OPTIMUM 2.62219	14	2	2	10	2.00374
  NEW OPTIMUM 2.62107	14	2	2	12	1.44546
  NEW OPTIMUM 2.62103	15	0	0	0	0.89577
  NEW OPTIMUM 2.62099	15	0	0	2	2.26622
  NEW OPTIMUM 2.62099	15	0	0	5	0.277144
  NEW OPTIMUM 2.6209	15	0	0	6	2.66867
  NEW OPTIMUM 2.62067	15	0	0	7	0.759088
  NEW OPTIMUM 2.62024	15	0	0	8	1.37257
  NEW OPTIMUM 2.61984	15	0	1	8	1.37241
  NEW OPTIMUM 2.61983	15	0	1	10	2.00382
  NEW OPTIMUM 2.61919	15	0	1	12	1.44766
  NEW OPTIMUM 2.61914	15	0	2	1	2.34363
  NEW OPTIMUM 2.61908	15	0	2	5	0.278108
  NEW OPTIMUM 2.61899	15	0	2	6	2.66855
  NEW OPTIMUM 2.61877	15	0	2	12	1.44951
  NEW OPTIMUM 2.61868	15	1	0	0	0.898046
  NEW OPTIMUM 2.6183	15	1	0	1	2.33627
  NEW OPTIMUM 2.61829	15	1	0	2	2.27548
  NEW OPTIMUM 2.61827	15	1	0	3	2.23886
  NEW OPTIMUM 2.61753	15	1	0	4	2.00563
  NEW OPTIMUM 2.61751	15	1	0	5	0.278456
  NEW OPTIMUM 2.6173	15	1	0	6	2.66827
  NEW OPTIMUM 2.61729	15	1	0	10	2.00385
  NEW OPTIMUM 2.61713	15	1	0	11	0.164569
  NEW OPTIMUM 2.61711	15	1	0	12	1.44958
  NEW OPTIMUM 2.61708	15	1	1	2	2.42072
  NEW OPTIMUM 2.61692	15	1	1	3	2.23804
  NEW OPTIMUM 2.61689	15	1	1	4	2.006
  NEW OPTIMUM 2.61672	15	1	1	5	0.281115
  NEW OPTIMUM 2.61659	15	1	1	7	0.756192
  NEW OPTIMUM 2.61652	15	1	1	9	0.849617
  NEW OPTIMUM 2.61647	15	1	2	8	1.37239
  NEW OPTIMUM 2.61629	15	1	2	9	0.850667
  NEW OPTIMUM 2.61628	15	1	2	10	2.0039
  NEW OPTIMUM 2.61589	15	2	0	1	2.33047
  NEW OPTIMUM 2.6158	15	2	0	8	1.37234
  NEW OPTIMUM 2.61573	15	2	0	12	1.4511
  NEW OPTIMUM 2.61557	15	2	1	0	0.899229
  NEW OPTIMUM 2.61546	15	2	1	6	2.66803
  NEW OPTIMUM 2.61545	15	2	1	9	0.851962
  NEW OPTIMUM 2.61536	15	2	2	0	0.900058
  NEW OPTIMUM 2.61493	15	2	2	1	2.32646
  NEW OPTIMUM 2.61485	15	2	2	2	2.24606
  NEW OPTIMUM 2.61473	15	2	2	8	1.37232
  NEW OPTIMUM 2.61452	15	2	2	11	0.163509
  NEW OPTIMUM 2.61437	16	0	0	0	0.903643
  NEW OPTIMUM 2.614	16	0	0	4	2.00624
  NEW OPTIMUM 2.61361	16	0	0	6	2.66755
  NEW OPTIMUM 2.61291	16	0	0	8	1.37214
  NEW OPTIMUM 2.61286	16	0	0	10	2.004
  NEW OPTIMUM 2.61284	16	0	0	12	1.45118
  NEW OPTIMUM 2.61255	16	0	1	0	0.907551
  NEW OPTIMUM 2.61228	16	0	1	6	2.66715
  NEW OPTIMUM 2.61222	16	0	1	9	0.853881
  NEW OPTIMUM 2.61199	16	0	1	10	2.00409
  NEW OPTIMUM 2.61168	16	0	1	11	0.160949
  NEW OPTIMUM 2.61165	16	0	2	3	2.23962
  NEW OPTIMUM 2.61132	16	0	2	4	2.00649
  NEW OPTIMUM 2.61128	16	0	2	5	0.284847
  NEW OPTIMUM 2.61092	16	0	2	6	2.66684
  NEW OPTIMUM 2.6108	16	0	2	7	0.745782
  NEW OPTIMUM 2.6108	16	0	2	9	0.853972
  NEW OPTIMUM 2.61068	16	1	0	8	1.37207
  NEW OPTIMUM 2.61053	16	1	0	9	0.855054
  NEW OPTIMUM 2.61043	16	1	0	11	0.158355
  NEW OPTIMUM 2.61041	16	1	0	12	1.45172
  NEW OPTIMUM 2.6104	16	1	1	2	2.80766
  NEW OPTIMUM 2.6104	16	1	1	3	2.23987
  NEW OPTIMUM 2.61033	16	1	1	4	2.00655
  NEW OPTIMUM 2.61024	16	1	1	9	0.856769
  NEW OPTIMUM 2.61002	16	1	1	11	0.156078
  NEW OPTIMUM 2.60951	16	1	2	0	0.923583
  NEW OPTIMUM 2.60946	16	1	2	1	2.32479
  NEW OPTIMUM 2.60931	16	1	2	4	2.00662
  NEW OPTIMUM 2.60913	16	1	2	6	2.66657
  NEW OPTIMUM 2.6088	16	1	2	8	1.37197
  NEW OPTIMUM 2.6088	16	1	2	9	0.857032
  NEW OPTIMUM 2.60821	16	1	2	10	2.00444
  NEW OPTIMUM 2.60816	16	1	2	11	0.155575
  NEW OPTIMUM 2.60799	16	2	0	3	2.24175
  NEW OPTIMUM 2.60768	16	2	0	6	2.66616
  NEW OPTIMUM 2.60742	16	2	0	8	1.37182
  NEW OPTIMUM 2.60715	16	2	0	11	0.146784
  NEW OPTIMUM 2.60647	16	2	0	12	1.45333
  NEW OPTIMUM 2.60629	16	2	1	0	0.928473
  NEW OPTIMUM 2.60626	16	2	1	1	2.32401
  NEW OPTIMUM 2.60621	16	2	1	3	2.24205
  NEW OPTIMUM 2.60551	16	2	1	6	2.66515
  NEW OPTIMUM 2.60549	16	2	1	7	0.743244
  NEW OPTIMUM 2.60498	16	2	1	10	2.00472
  NEW OPTIMUM 2.60492	16	2	1	12	1.45586
  NEW OPTIMUM 2.60451	16	2	2	0	0.93472
  NEW OPTIMUM 2.60441	16	2	2	1	2.32133
  NEW OPTIMUM 2.60436	16	2	2	7	0.746929
  NEW OPTIMUM 2.60401	16	2	2	11	0.14067
  NEW OPTIMUM 2.60398	16	2	2	12	1.45648
  NEW OPTIMUM 2.60365	17	0	0	8	1.3717
  NEW OPTIMUM 2.60359	17	0	1	1	2.32388
  NEW OPTIMUM 2.60357	17	0	1	4	2.00665
  NEW OPTIMUM 2.60328	17	0	1	8	1.37159
  NEW OPTIMUM 2.60328	17	0	1	9	0.855712
  NEW OPTIMUM 2.6032	17	0	1	10	2.00475
  NEW OPTIMUM 2.60316	17	0	2	1	2.32294
  NEW OPTIMUM 2.60315	17	0	2	2	2.89275
  NEW OPTIMUM 2.60311	17	0	2	3	2.24232
  NEW OPTIMUM 2.60306	17	0	2	5	0.284296
  NEW OPTIMUM 2.60292	17	0	2	7	0.750868
  NEW OPTIMUM 2.6027	17	0	2	11	0.129635
  NEW OPTIMUM 2.60252	17	1	0	1	2.3162
  NEW OPTIMUM 2.60248	17	1	0	2	2.98339
  NEW OPTIMUM 2.60228	17	1	0	3	2.24347
  NEW OPTIMUM 2.60219	17	1	0	4	2.0068
  NEW OPTIMUM 2.60218	17	1	0	10	2.00484
  NEW OPTIMUM 2.60216	17	1	0	11	0.134103
  NEW OPTIMUM 2.60211	17	1	1	7	0.752824
  NEW OPTIMUM 2.60171	17	1	1	8	1.37149
  NEW OPTIMUM 2.60169	17	1	1	12	1.45812
  NEW OPTIMUM 2.60164	17	1	2	4	2.00689
  NEW OPTIMUM 2.60155	17	1	2	7	0.756735
  NEW OPTIMUM 2.60136	17	1	2	9	0.85711
  NEW OPTIMUM 2.60135	17	1	2	10	2.00484
  NEW OPTIMUM 2.60116	17	1	2	11	0.128102
  NEW OPTIMUM 2.60106	17	2	0	0	0.934681
  NEW OPTIMUM 2.60101	17	2	0	3	2.24241
  NEW OPTIMUM 2.6008	17	2	0	5	0.286375
  NEW OPTIMUM 2.6008	17	2	0	9	0.85725
  NEW OPTIMUM 2.60077	17	2	0	10	2.00523
  NEW OPTIMUM 2.60049	17	2	0	12	1.45828
  NEW OPTIMUM 2.60024	17	2	1	1	2.31317
  NEW OPTIMUM 2.60017	17	2	1	3	2.24182
  NEW OPTIMUM 2.59992	17	2	1	4	2.00716
  NEW OPTIMUM 2.59991	17	2	1	6	2.66515
  NEW OPTIMUM 2.59946	17	2	1	8	1.37136
  NEW OPTIMUM 2.59936	17	2	2	2	2.98899
  NEW OPTIMUM 2.59924	17	2	2	3	2.24087
  NEW OPTIMUM 2.59913	17	2	2	4	2.00728
  NEW OPTIMUM 2.59908	17	2	2	6	2.66509
  NEW OPTIMUM 2.59886	17	2	2	10	2.00561
  NEW OPTIMUM 2.59885	17	2	2	11	0.126886
  NEW OPTIMUM 2.59882	17	2	2	12	1.45847
  NEW OPTIMUM 2.59823	18	0	0	1	2.30429
  NEW OPTIMUM 2.59818	18	0	0	2	2.78786
  NEW OPTIMUM 2.59803	18	0	0	3	2.23957
  NEW OPTIMUM 2.59782	18	0	0	4	2.00749
  NEW OPTIMUM 2.59779	18	0	0	6	2.66505
  NEW OPTIMUM 2.59777	18	0	1	0	0.934903
  NEW OPTIMUM 2.59761	18	0	1	7	0.763528
  NEW OPTIMUM 2.59755	18	0	1	11	0.124707
  NEW OPTIMUM 2.59679	18	0	2	1	2.29073
  NEW OPTIMUM 2.59678	18	0	2	5	0.286965
  NEW OPTIMUM 2.59663	18	1	0	6	2.66473
  NEW OPTIMUM 2.59659	18	1	0	8	1.37134
  NEW OPTIMUM 2.59648	18	1	0	9	0.85847
  NEW OPTIMUM 2.59635	18	1	0	12	1.46126
  NEW OPTIMUM 2.59622	18	1	1	4	2.0076
  NEW OPTIMUM 2.59605	18	1	1	6	2.6645
  NEW OPTIMUM 2.59595	18	1	1	8	1.37132
  NEW OPTIMUM 2.59587	18	1	2	1	2.28853
  NEW OPTIMUM 2.59573	18	1	2	6	2.66432
  NEW OPTIMUM 2.5955	18	1	2	10	2.0058
  NEW OPTIMUM 2.59545	18	2	0	0	0.934335
  NEW OPTIMUM 2.59501	18	2	0	1	2.27894
  NEW OPTIMUM 2.59491	18	2	0	4	2.00768
  NEW OPTIMUM 2.59485	18	2	0	8	1.37131
  NEW OPTIMUM 2.59482	18	2	0	11	0.120801
  NEW OPTIMUM 2.5948	18	2	0	12	1.46077
  NEW OPTIMUM 2.59474	18	2	1	0	0.935582
  NEW OPTIMUM 2.5945	18	2	1	1	2.27169
  NEW OPTIMUM 2.59441	18	2	1	2	2.63575
  NEW OPTIMUM 2.59438	18	2	1	3	2.24008
  NEW OPTIMUM 2.59437	18	2	1	4	2.0077
  NEW OPTIMUM 2.59415	18	2	1	9	0.860628
  NEW OPTIMUM 2.59413	18	2	1	11	0.123188
  NEW OPTIMUM 2.59407	18	2	2	2	3.15069
  NEW OPTIMUM 2.59388	18	2	2	4	2.00787
  NEW OPTIMUM 2.59383	18	2	2	7	0.766507
  NEW OPTIMUM 2.59361	18	2	2	8	1.37126
  NEW OPTIMUM 2.59333	18	2	2	9	0.862908
  NEW OPTIMUM 2.59327	18	2	2	10	2.00585
  NEW OPTIMUM 2.59319	19	0	0	1	2.27003
  NEW OPTIMUM 2.59319	19	0	0	2	2.76031
  NEW OPTIMUM 2.59318	19	0	0	5	0.28619
  NEW OPTIMUM 2.59307	19	0	0	6	2.66403
  NEW OPTIMUM 2.59296	19	0	0	12	1.46227
  NEW OPTIMUM 2.59292	19	0	1	3	2.24025
  NEW OPTIMUM 2.59261	19	0	1	6	2.66354
  NEW OPTIMUM 2.59261	19	0	1	7	0.765501
  NEW OPTIMUM 2.5921	19	0	1	8	1.37112
  NEW OPTIMUM 2.59182	19	0	1	10	2.00597
  NEW OPTIMUM 2.59178	19	0	2	1	2.2688
  NEW OPTIMUM 2.59176	19	0	2	3	2.24068
  NEW OPTIMUM 2.59133	19	0	2	4	2.00838
  NEW OPTIMUM 2.59131	19	0	2	5	0.286622
  NEW OPTIMUM 2.59102	19	0	2	9	0.866944
  NEW OPTIMUM 2.59096	19	0	2	10	2.00594
  NEW OPTIMUM 2.5902	19	1	0	1	2.24853
  NEW OPTIMUM 2.59017	19	1	0	2	3.0193
  NEW OPTIMUM 2.59012	19	1	0	7	0.765578
  NEW OPTIMUM 2.5899	19	1	0	8	1.37106
  NEW OPTIMUM 2.5897	19	1	0	10	2.00604
  NEW OPTIMUM 2.58922	19	1	1	1	2.22978
  NEW OPTIMUM 2.58921	19	1	1	3	2.24171
  NEW OPTIMUM 2.58911	19	1	1	12	1.4635
  NEW OPTIMUM 2.58874	19	1	2	1	2.21319
  NEW OPTIMUM 2.58839	19	1	2	4	2.00848
  NEW OPTIMUM 2.5877	19	1	2	6	2.66242
  NEW OPTIMUM 2.5874	19	1	2	10	2.00618
  NEW OPTIMUM 2.58738	19	2	0	2	2.91731
  NEW OPTIMUM 2.58715	19	2	0	4	2.00892
  NEW OPTIMUM 2.58703	19	2	0	5	0.286882
  NEW OPTIMUM 2.58693	19	2	0	7	0.776585
  NEW OPTIMUM 2.58688	19	2	0	8	1.37104
  NEW OPTIMUM 2.58686	19	2	0	11	0.123931
  NEW OPTIMUM 2.58671	19	2	0	12	1.46534
  NEW OPTIMUM 2.58668	19	2	1	3	2.24109
  NEW OPTIMUM 2.58668	19	2	1	4	2.00955
  NEW OPTIMUM 2.58627	19	2	1	6	2.66206
  NEW OPTIMUM 2.58611	19	2	1	10	2.00602
  NEW OPTIMUM 2.58599	19	2	1	11	0.121715
  NEW OPTIMUM 2.58591	19	2	2	2	2.78429
  NEW OPTIMUM 2.58555	19	2	2	6	2.66162
  NEW OPTIMUM 2.58539	19	2	2	8	1.37098
  NEW OPTIMUM 2.58512	19	2	2	9	0.868223
  NEW OPTIMUM 2.58446	20	0	0	1	2.19529
  NEW OPTIMUM 2.58445	20	0	0	2	2.68002
  NEW OPTIMUM 2.58445	20	0	0	5	0.288843
  NEW OPTIMUM 2.58429	20	0	0	8	1.37091
  NEW OPTIMUM 2.58427	20	0	0	12	1.46537
  NEW OPTIMUM 2.58419	20	0	1	1	2.18937
  NEW OPTIMUM 2.58418	20	0	1	5	0.288525
  NEW OPTIMUM 2.58349	20	0	1	6	2.66047
  NEW OPTIMUM 2.58334	20	0	1	10	2.00612
  NEW OPTIMUM 2.58333	20	0	1	11	0.121751
  NEW OPTIMUM 2.58293	20	0	1	12	1.46655
  NEW OPTIMUM 2.58276	20	0	2	1	2.17238
  NEW OPTIMUM 2.58273	20	0	2	3	2.24166
  NEW OPTIMUM 2.58234	20	0	2	6	2.6598
  NEW OPTIMUM 2.58228	20	0	2	8	1.3709
  NEW OPTIMUM 2.58228	20	0	2	10	2.00612
  NEW OPTIMUM 2.58221	20	0	2	11	0.124583
  NEW OPTIMUM 2.58221	20	1	0	0	0.936653
  NEW OPTIMUM 2.5821	20	1	0	4	2.00962
  NEW OPTIMUM 2.58192	20	1	0	6	2.65951
  NEW OPTIMUM 2.58128	20	1	0	8	1.37058
  NEW OPTIMUM 2.58123	20	1	0	10	2.00622
  NEW OPTIMUM 2.5805	20	1	0	12	1.46814
  NEW OPTIMUM 2.58049	20	1	1	0	0.936785
  NEW OPTIMUM 2.5804	20	1	2	1	2.16008
  NEW OPTIMUM 2.58019	20	1	2	6	2.65914
  NEW OPTIMUM 2.58007	20	1	2	8	1.37046
  NEW OPTIMUM 2.57993	20	1	2	9	0.869819
  NEW OPTIMUM 2.57969	20	1	2	10	2.00622
  NEW OPTIMUM 2.57947	20	1	2	12	1.47006
  NEW OPTIMUM 2.57947	20	2	0	0	0.936927
  NEW OPTIMUM 2.57941	20	2	0	1	2.157
  NEW OPTIMUM 2.57935	20	2	0	2	2.36707
  NEW OPTIMUM 2.57897	20	2	0	4	2.00977
  NEW OPTIMUM 2.57897	20	2	0	7	0.774253
  NEW OPTIMUM 2.5782	20	2	0	8	1.37004
  NEW OPTIMUM 2.57804	20	2	0	9	0.871025
  NEW OPTIMUM 2.57803	20	2	1	0	0.937366
  NEW OPTIMUM 2.57799	20	2	2	4	2.00978
  NEW OPTIMUM 2.5778	20	2	2	12	1.47181
  NEW OPTIMUM 2.57776	21	0	0	0	0.935925
  NEW OPTIMUM 2.57772	21	0	0	5	0.282975
  NEW OPTIMUM 2.57749	21	0	0	6	2.65877
  NEW OPTIMUM 2.57726	21	0	0	7	0.764309
  NEW OPTIMUM 2.57697	21	0	0	10	2.00642
  NEW OPTIMUM 2.57691	21	0	0	11	0.124969
  NEW OPTIMUM 2.5769	21	0	0	12	1.47181
  NEW OPTIMUM 2.57689	21	0	1	1	2.15661
  NEW OPTIMUM 2.57688	21	0	1	2	2.3071
  NEW OPTIMUM 2.57679	21	0	1	3	2.24071
  NEW OPTIMUM 2.57677	21	0	1	9	0.870473
  NEW OPTIMUM 2.57673	21	0	1	10	2.00656
  NEW OPTIMUM 2.57669	21	0	1	11	0.123976
  NEW OPTIMUM 2.57668	21	0	2	0	0.935975
  NEW OPTIMUM 2.57668	21	0	2	3	2.24009
  NEW OPTIMUM 2.57659	21	0	2	7	0.768786
  NEW OPTIMUM 2.57605	21	0	2	8	1.36982
  NEW OPTIMUM 2.57598	21	0	2	10	2.00664
  NEW OPTIMUM 2.57592	21	0	2	11	0.123081
  NEW OPTIMUM 2.57544	21	0	2	12	1.47347
  NEW OPTIMUM 2.57521	21	1	0	1	2.14474
  NEW OPTIMUM 2.5752	21	1	0	3	2.24027
  NEW OPTIMUM 2.57502	21	1	0	4	2.0099
  NEW OPTIMUM 2.57484	21	1	0	6	2.65852
  NEW OPTIMUM 2.57484	21	1	0	7	0.774927
  NEW OPTIMUM 2.57482	21	1	0	10	2.00665
  NEW OPTIMUM 2.57474	21	1	0	11	0.122185
  NEW OPTIMUM 2.57462	21	1	0	12	1.47606
  NEW OPTIMUM 2.57459	21	1	1	0	0.936728
  NEW OPTIMUM 2.57452	21	1	1	4	2.00996
  NEW OPTIMUM 2.57445	21	1	1	6	2.65842
  NEW OPTIMUM 2.57442	21	1	1	7	0.763213
  NEW OPTIMUM 2.57386	21	1	1	8	1.36966
  NEW OPTIMUM 2.57374	21	1	1	9	0.872496
  NEW OPTIMUM 2.57359	21	1	1	11	0.119342
  NEW OPTIMUM 2.57334	21	1	1	12	1.4786
  NEW OPTIMUM 2.57332	21	1	2	3	2.24032
  NEW OPTIMUM 2.57304	21	1	2	6	2.65802
  NEW OPTIMUM 2.57304	21	1	2	10	2.00712
  NEW OPTIMUM 2.57233	21	2	0	1	2.12677
  NEW OPTIMUM 2.57221	21	2	0	4	2.01018
  NEW OPTIMUM 2.57155	21	2	0	8	1.36936
  NEW OPTIMUM 2.57093	21	2	0	9	0.879565
  NEW OPTIMUM 2.57078	21	2	1	0	0.937737
  NEW OPTIMUM 2.57071	21	2	1	1	2.12505
  NEW OPTIMUM 2.57062	21	2	1	4	2.01028
  NEW OPTIMUM 2.57054	21	2	1	6	2.65795
  NEW OPTIMUM 2.5704	21	2	1	9	0.877969
  NEW OPTIMUM 2.57007	21	2	2	0	0.941267
  NEW OPTIMUM 2.56993	21	2	2	4	2.01053
  NEW OPTIMUM 2.56915	21	2	2	6	2.65713
  NEW OPTIMUM 2.56904	21	2	2	8	1.3691
  NEW OPTIMUM 2.56888	21	2	2	11	0.11826
  NEW OPTIMUM 2.56844	22	0	0	0	0.949088
  NEW OPTIMUM 2.56825	22	0	0	1	2.11614
  NEW OPTIMUM 2.56797	22	0	0	4	2.01121
  NEW OPTIMUM 2.56787	22	0	0	7	0.759706
  NEW OPTIMUM 2.56782	22	0	0	8	1.36928
  NEW OPTIMUM 2.56774	22	0	0	9	0.885155
  NEW OPTIMUM 2.56708	22	0	1	1	2.09759
  NEW OPTIMUM 2.56701	22	0	1	5	0.28429
  NEW OPTIMUM 2.56577	22	0	1	6	2.65545
  NEW OPTIMUM 2.5654	22	0	1	10	2.00736
  NEW OPTIMUM 2.5651	22	0	2	1	2.07982
  NEW OPTIMUM 2.56506	22	0	2	5	0.283552
  NEW OPTIMUM 2.56506	22	0	2	7	0.760744
  NEW OPTIMUM 2.56505	22	0	2	11	0.118188
  NEW OPTIMUM 2.5649	22	0	2	12	1.47965
  NEW OPTIMUM 2.56488	22	1	0	2	2.20128
  NEW OPTIMUM 2.56483	22	1	0	3	2.24057
  NEW OPTIMUM 2.56458	22	1	0	4	2.0114
  NEW OPTIMUM 2.56334	22	1	0	6	2.65391
  NEW OPTIMUM 2.56319	22	1	0	8	1.36888
  NEW OPTIMUM 2.56307	22	1	0	9	0.888261
  NEW OPTIMUM 2.56291	22	1	0	12	1.48013
  NEW OPTIMUM 2.56218	22	1	1	1	2.03323
  NEW OPTIMUM 2.56217	22	1	1	8	1.36885
  NEW OPTIMUM 2.56208	22	1	1	9	0.886607
  NEW OPTIMUM 2.56197	22	1	2	5	0.282376
  NEW OPTIMUM 2.56131	22	1	2	6	2.65287
  NEW OPTIMUM 2.5613	22	1	2	11	0.118735
  NEW OPTIMUM 2.56128	22	2	0	3	2.24031
  NEW OPTIMUM 2.56117	22	2	0	4	2.01147
  NEW OPTIMUM 2.56114	22	2	0	10	2.00738
  NEW OPTIMUM 2.56114	22	2	0	11	0.116807
  NEW OPTIMUM 2.56072	22	2	0	12	1.48105
  NEW OPTIMUM 2.56056	22	2	1	1	1.98021
  NEW OPTIMUM 2.56055	22	2	1	2	2.16272
  NEW OPTIMUM 2.56054	22	2	1	3	2.24032
  NEW OPTIMUM 2.56047	22	2	1	6	2.65199
  NEW OPTIMUM 2.56007	22	2	1	12	1.48191
  NEW OPTIMUM 2.5597	22	2	2	0	0.942788
  NEW OPTIMUM 2.55967	22	2	2	1	1.94728
  NEW OPTIMUM 2.55926	22	2	2	4	2.0118
  NEW OPTIMUM 2.55918	22	2	2	5	0.282702
  NEW OPTIMUM 2.55917	22	2	2	7	0.76392
  NEW OPTIMUM 2.55902	23	0	0	0	0.944757
  NEW OPTIMUM 2.55901	23	0	0	1	1.9031
  NEW OPTIMUM 2.55896	23	0	0	2	2.06443
  NEW OPTIMUM 2.55895	23	0	0	5	0.282959
  NEW OPTIMUM 2.55892	23	0	0	7	0.762759
  NEW OPTIMUM 2.55874	23	0	0	10	2.00744
  NEW OPTIMUM 2.5587	23	0	1	0	0.945457
  NEW OPTIMUM 2.5587	23	0	1	1	1.90191
  NEW OPTIMUM 2.5587	23	0	1	3	2.24041
  NEW OPTIMUM 2.55845	23	0	1	6	2.65094
  NEW OPTIMUM 2.55842	23	0	1	7	0.760255
  NEW OPTIMUM 2.55839	23	0	1	8	1.36887
  NEW OPTIMUM 2.55829	23	0	1	9	0.888097
  NEW OPTIMUM 2.5582	23	0	1	10	2.00745
  NEW OPTIMUM 2.55819	23	0	1	11	0.117697
  NEW OPTIMUM 2.55775	23	0	1	12	1.48245
  NEW OPTIMUM 2.55771	23	0	2	2	2.21233
  NEW OPTIMUM 2.55723	23	0	2	4	2.01227
  NEW OPTIMUM 2.55714	23	1	0	3	2.2392
  NEW OPTIMUM 2.55699	23	1	0	10	2.00752
  NEW OPTIMUM 2.55686	23	1	0	11	0.116384
  NEW OPTIMUM 2.55675	23	1	1	1	1.83937
  NEW OPTIMUM 2.55661	23	1	1	4	2.01247
  NEW OPTIMUM 2.55653	23	1	1	6	2.65074
  NEW OPTIMUM 2.55649	23	1	1	8	1.36899
  NEW OPTIMUM 2.55633	23	1	1	11	0.115129
  NEW OPTIMUM 2.5561	23	1	2	1	1.78234
  NEW OPTIMUM 2.55575	23	1	2	6	2.64974
  NEW OPTIMUM 2.5557	23	1	2	8	1.36904
  NEW OPTIMUM 2.55551	23	1	2	9	0.889147
  NEW OPTIMUM 2.55535	23	1	2	10	2.00772
  NEW OPTIMUM 2.55527	23	1	2	11	0.112964
  NEW OPTIMUM 2.55487	23	1	2	12	1.48335
  NEW OPTIMUM 2.55485	23	2	0	1	1.77337
  NEW OPTIMUM 2.55485	23	2	0	5	0.283633
  NEW OPTIMUM 2.55473	23	2	0	8	1.36899
  NEW OPTIMUM 2.5547	23	2	0	9	0.89008
  NEW OPTIMUM 2.55469	23	2	1	8	1.36899
  NEW OPTIMUM 2.55468	23	2	1	9	0.890928
  NEW OPTIMUM 2.55446	23	2	1	12	1.48457
  NEW OPTIMUM 2.55444	23	2	2	0	0.94355
  NEW OPTIMUM 2.55442	23	2	2	4	2.0127
  NEW OPTIMUM 2.55439	23	2	2	8	1.36883
  NEW OPTIMUM 2.55385	23	2	2	11	0.10677
  NEW OPTIMUM 2.55374	24	0	0	0	0.944406
  NEW OPTIMUM 2.55372	24	0	0	1	1.72073
  NEW OPTIMUM 2.55368	24	0	0	2	2.55001
  NEW OPTIMUM 2.55352	24	0	0	6	2.64909
  NEW OPTIMUM 2.5534	24	0	0	7	0.766882
  NEW OPTIMUM 2.55309	24	0	0	9	0.894809
  NEW OPTIMUM 2.55309	24	0	0	11	0.106542
  NEW OPTIMUM 2.55281	24	0	0	12	1.48542
  NEW OPTIMUM 2.55281	24	0	1	2	2.58758
  NEW OPTIMUM 2.5528	24	0	1	3	2.23923
  NEW OPTIMUM 2.55256	24	0	1	4	2.01285
  NEW OPTIMUM 2.5523	24	0	1	8	1.36862
  NEW OPTIMUM 2.55218	24	0	1	12	1.48575
  NEW OPTIMUM 2.55217	24	0	2	2	2.53963
  NEW OPTIMUM 2.55214	24	0	2	5	0.283544
  NEW OPTIMUM 2.55205	24	1	0	0	0.94494
  NEW OPTIMUM 2.55178	24	1	0	1	1.59584
  NEW OPTIMUM 2.55164	24	1	0	6	2.64871
  NEW OPTIMUM 2.55158	24	1	0	11	0.107863
  NEW OPTIMUM 2.55097	24	1	0	12	1.48727
  NEW OPTIMUM 2.55093	24	1	1	0	0.945779
  NEW OPTIMUM 2.55092	24	1	1	1	1.55816
  NEW OPTIMUM 2.55087	24	1	1	5	0.282309
  NEW OPTIMUM 2.55049	24	1	1	6	2.6482
  NEW OPTIMUM 2.55045	24	1	1	11	0.105599
  NEW OPTIMUM 2.55044	24	1	2	7	0.76816
  NEW OPTIMUM 2.55043	24	2	0	3	2.24017
  NEW OPTIMUM 2.55041	24	2	0	5	0.28193
  NEW OPTIMUM 2.55033	24	2	0	10	2.00775
  NEW OPTIMUM 2.55021	24	2	0	12	1.48763
  NEW OPTIMUM 2.5502	24	2	1	0	0.947664
  NEW OPTIMUM 2.55019	24	2	1	1	1.47456
  NEW OPTIMUM 2.55001	24	2	1	12	1.48872
  NEW OPTIMUM 2.54998	24	2	2	0	0.946847
  NEW OPTIMUM 2.54979	24	2	2	8	1.36852
  NEW OPTIMUM 2.54974	24	2	2	9	0.896234
  NEW OPTIMUM 2.54974	24	2	2	10	2.00777
  NEW OPTIMUM 2.54954	24	2	2	11	0.100072
  NEW OPTIMUM 2.54939	25	0	0	0	0.954157
  NEW OPTIMUM 2.54939	25	0	0	2	2.90418
  NEW OPTIMUM 2.54938	25	0	0	5	0.281412
  NEW OPTIMUM 2.54936	25	0	0	7	0.765068
  NEW OPTIMUM 2.54933	25	0	1	0	0.953303
  NEW OPTIMUM 2.54931	25	0	1	2	2.99814
  NEW OPTIMUM 2.54928	25	0	1	4	2.01298
  NEW OPTIMUM 2.54927	25	0	1	8	1.36847
  NEW OPTIMUM 2.54919	25	0	1	9	0.896782
  NEW OPTIMUM 2.5491	25	0	1	10	2.00779
  NEW OPTIMUM 2.54906	25	0	2	5	0.282334
  NEW OPTIMUM 2.54902	25	0	2	10	2.00782
  NEW OPTIMUM 2.54902	25	0	2	11	0.100415
  NEW OPTIMUM 2.5489	25	0	2	12	1.4892
  NEW OPTIMUM 2.54889	25	1	0	1	1.46201
  NEW OPTIMUM 2.54889	25	1	0	5	0.282096
  NEW OPTIMUM 2.54887	25	1	0	7	0.764364
  NEW OPTIMUM 2.54885	25	1	1	1	1.30465
  NEW OPTIMUM 2.54881	25	1	1	6	2.64812
  NEW OPTIMUM 2.54872	25	1	1	8	1.36834
  NEW OPTIMUM 2.54865	25	1	1	10	2.00784
  NEW OPTIMUM 2.54863	25	1	2	6	2.64804
  NEW OPTIMUM 2.54859	25	1	2	8	1.3684
  NEW OPTIMUM 2.54857	25	2	0	0	0.953936
  NEW OPTIMUM 2.54854	25	2	0	1	1.02868
  NEW OPTIMUM 2.54852	25	2	0	4	2.01299
  NEW OPTIMUM 2.54849	25	2	0	9	0.897525
  NEW OPTIMUM 2.54837	25	2	0	10	2.00791
  NEW OPTIMUM 2.54837	25	2	0	11	0.0994698
  NEW OPTIMUM 2.54825	25	2	0	12	1.48958
  NEW OPTIMUM 2.54825	25	2	1	1	0.9621
  NEW OPTIMUM 2.54818	25	2	1	2	2.8001
  NEW OPTIMUM 2.54818	25	2	1	3	2.24207
  NEW OPTIMUM 2.54815	25	2	1	4	2.01301
  NEW OPTIMUM 2.54809	25	2	1	5	0.280764
  NEW OPTIMUM 2.54807	25	2	1	6	2.64802
  NEW OPTIMUM 2.54801	25	2	1	7	0.766545
  NEW OPTIMUM 2.54797	25	2	1	8	1.36829
  NEW OPTIMUM 2.54793	25	2	1	10	2.00793
  NEW OPTIMUM 2.54784	25	2	1	11	0.100366
  NEW OPTIMUM 2.54781	25	2	2	0	0.957122
  NEW OPTIMUM 2.54779	25	2	2	5	0.28181
  NEW OPTIMUM 2.54775	25	2	2	6	2.64796
  NEW OPTIMUM 2.54774	25	2	2	9	0.897162
  NEW OPTIMUM 2.5476	25	2	2	10	2.00798
  NEW OPTIMUM 2.54753	26	0	0	3	2.24267
  NEW OPTIMUM 2.5475	26	0	0	8	1.36832
  NEW OPTIMUM 2.54748	26	0	0	12	1.49001
  NEW OPTIMUM 2.54746	26	0	1	7	0.765955
  NEW OPTIMUM 2.54712	26	0	1	10	2.00821
  NEW OPTIMUM 2.54692	26	0	1	11	0.0966969
  NEW OPTIMUM 2.5469	26	0	2	0	0.961525
  NEW OPTIMUM 2.54689	26	0	2	2	2.60218
  NEW OPTIMUM 2.54687	26	0	2	3	2.24275
  NEW OPTIMUM 2.54684	26	0	2	5	0.278089
  NEW OPTIMUM 2.54678	26	0	2	6	2.64788
  NEW OPTIMUM 2.54666	26	0	2	8	1.36828
  NEW OPTIMUM 2.54666	26	0	2	9	0.899506
  NEW OPTIMUM 2.54645	26	1	0	3	2.2436
  NEW OPTIMUM 2.54636	26	1	0	6	2.64772
  NEW OPTIMUM 2.54633	26	1	0	8	1.36818
  NEW OPTIMUM 2.5461	26	1	0	9	0.901809
  NEW OPTIMUM 2.5461	26	1	0	12	1.49083
  NEW OPTIMUM 2.5461	26	1	1	1	0.391033
  NEW OPTIMUM 2.54601	26	1	1	3	2.24394
  NEW OPTIMUM 2.54599	26	1	1	4	2.01302
  NEW OPTIMUM 2.54597	26	1	1	5	0.277036
  NEW OPTIMUM 2.54585	26	1	1	6	2.64755
  NEW OPTIMUM 2.54584	26	1	1	7	0.766858
  NEW OPTIMUM 2.5457	26	1	1	8	1.36812
  NEW OPTIMUM 2.54541	26	1	1	10	2.00844
  NEW OPTIMUM 2.54511	26	1	1	11	0.0939329
  NEW OPTIMUM 2.54504	26	1	2	6	2.64739
  NEW OPTIMUM 2.54503	26	1	2	9	0.906053
  NEW OPTIMUM 2.54495	26	1	2	11	0.090927
  NEW OPTIMUM 2.54493	26	1	2	12	1.49098
  NEW OPTIMUM 2.54493	26	2	0	1	0.147465
  NEW OPTIMUM 2.54489	26	2	0	3	2.24447
  NEW OPTIMUM 2.5448	26	2	0	4	2.01307
  NEW OPTIMUM 2.54464	26	2	0	8	1.36803
  NEW OPTIMUM 2.54461	26	2	0	10	2.00846
  NEW OPTIMUM 2.54453	26	2	1	0	0.962573
  NEW OPTIMUM 2.54453	26	2	1	4	2.01309
  NEW OPTIMUM 2.54447	26	2	1	6	2.64729
  NEW OPTIMUM 2.5444	26	2	2	4	2.01315
  NEW OPTIMUM 2.54438	26	2	2	6	2.64726
  NEW OPTIMUM 2.54433	26	2	2	7	0.768019
  NEW OPTIMUM 2.54426	26	2	2	10	2.00851
  NEW OPTIMUM 2.54425	26	2	2	12	1.49102
  NEW OPTIMUM 2.54413	27	0	0	0	0.96598
  NEW OPTIMUM 2.54404	27	0	0	4	2.0132
  NEW OPTIMUM 2.54402	27	0	0	5	0.276703
  NEW OPTIMUM 2.54398	27	0	0	7	0.770867
  NEW OPTIMUM 2.5439	27	0	0	12	1.49251
  NEW OPTIMUM 2.5439	27	0	1	1	0.145932
  NEW OPTIMUM 2.54389	27	0	1	2	2.18679
  NEW OPTIMUM 2.54361	27	0	1	3	2.24527
  NEW OPTIMUM 2.54359	27	0	1	5	0.275962
  NEW OPTIMUM 2.54325	27	0	1	6	2.64676
  NEW OPTIMUM 2.54325	27	0	1	7	0.771626
  NEW OPTIMUM 2.54305	27	0	1	8	1.36796
  NEW OPTIMUM 2.54302	27	0	1	11	0.0881272
  NEW OPTIMUM 2.54297	27	0	2	4	2.01324
  NEW OPTIMUM 2.54296	27	0	2	5	0.276611
  NEW OPTIMUM 2.54279	27	0	2	6	2.6465
  NEW OPTIMUM 2.54276	27	0	2	12	1.49264
  NEW OPTIMUM 2.54263	27	1	0	6	2.6463
  NEW OPTIMUM 2.54256	27	1	0	7	0.775588
  NEW OPTIMUM 2.54256	27	1	0	8	1.36796
  NEW OPTIMUM 2.54248	27	1	0	12	1.49341
  NEW OPTIMUM 2.54246	27	1	1	0	0.964398
  NEW OPTIMUM 2.54246	27	1	1	1	0.257267
  NEW OPTIMUM 2.54236	27	1	1	8	1.3678
  NEW OPTIMUM 2.54233	27	1	1	9	0.906251
  NEW OPTIMUM 2.54233	27	1	1	11	0.0876297
  NEW OPTIMUM 2.54213	27	1	1	12	1.49417
  NEW OPTIMUM 2.54212	27	1	2	5	0.275705
  NEW OPTIMUM 2.54196	27	1	2	6	2.64611
  NEW OPTIMUM 2.54196	27	1	2	7	0.771768
  NEW OPTIMUM 2.54195	27	1	2	8	1.36773
  NEW OPTIMUM 2.54194	27	1	2	10	2.00857
  NEW OPTIMUM 2.54194	27	2	0	4	2.01326
  NEW OPTIMUM 2.54192	27	2	0	9	0.906732
  NEW OPTIMUM 2.5418	27	2	1	3	2.24488
  NEW OPTIMUM 2.54179	27	2	1	4	2.01327
  NEW OPTIMUM 2.54178	27	2	1	12	1.49421
  NEW OPTIMUM 2.54178	27	2	2	4	2.01333
  NEW OPTIMUM 2.54174	28	0	0	2	2.27534
